Arguments: 
  /home/pluk.eeghlan.net/ismael.martinez/.nvm/versions/node/v10.14.2/bin/node /home/pluk.eeghlan.net/ismael.martinez/.yarn/bin/yarn.js install

PATH: 
  /home/pluk.eeghlan.net/ismael.martinez/.yarn/bin:/home/pluk.eeghlan.net/ismael.martinez/.config/yarn/global/node_modules/.bin:/home/pluk.eeghlan.net/ismael.martinez/.npm-global/bin:/home/pluk.eeghlan.net/ismael.martinez/.nvm/versions/node/v10.14.2/bin:/usr/local/sbin:/usr/local/bin:/usr/sbin:/usr/bin:/sbin:/bin:/usr/games:/usr/local/games:/snap/bin:/usr/local/go/bin:/home/pluk.eeghlan.net/ismael.martinez/.fzf/bin:/home/pluk.eeghlan.net/ismael.martinez/go/bin:/home/pluk.eeghlan.net/ismael.martinez/.local/bin

Yarn version: 
  1.17.3

Node version: 
  10.14.2

Platform: 
  linux x64

Trace: 
  Error: getaddrinfo ENOTFOUND nexus3.tl.pplaws.com nexus3.tl.pplaws.com:443
      at GetAddrInfoReqWrap.onlookup [as oncomplete] (dns.js:57:26)

npm manifest: 
  {
    "name": "teams-for-linux",
    "version": "1.0.0",
    "main": "app/index.js",
    "description": "Unofficial client for Microsoft Teams for Linux",
    "homepage": "https://github.com/IsmaelMartinez/teams-for-linux",
    "keywords": [
      "Teams",
      "Microsoft Teams"
    ],
    "repository": {
      "type": "git",
      "url": "git+ssh://github.com/IsmaelMartinez/teams-for-linux"
    },
    "author": {
      "name": "Ismael Martinez",
      "email": "ismaelmartinez@gmail.com",
      "url": "https://github.com/IsmaelMartinez/"
    },
    "license": "SEE LICENSE IN LICENSE.md",
    "scripts": {
      "postinstall": "electron-builder install-app-deps",
      "lint": "eslint **/*.js",
      "start": "yarn install && electron ./app",
      "pack": "electron-builder --dir",
      "dist": "electron-builder",
      "dist:linux": "electron-builder --linux",
      "dist:linux:appimage": "electron-builder --linux AppImage",
      "dist:linux:snap": "electron-builder --linux snap",
      "release": "electron-builder"
    },
    "dependencies": {
      "electron-dl": "3.0.0",
      "electron-editor-context-menu": "1.1.1",
      "electron-native-notification": "1.2.1",
      "electron-window-state": "5.0.3",
      "spellchecker": "3.7.0",
      "yargs": "15.1.0"
    },
    "devDependencies": {
      "electron": "8.1.0",
      "electron-builder": "22.4.0",
      "eslint": "6.8.0",
      "yarn": "1.22.1"
    },
    "build": {
      "appId": "teams-for-linux",
      "asarUnpack": [
        "node_modules/spellchecker/vendor/hunspell_dictionaries"
      ],
      "protocols": {
        "name": "msteams",
        "schemes": [
          "msteams"
        ]
      },
      "linux": {
        "category": "Chat;Network;Office",
        "packageCategory": "net",
        "executableName": "teams-for-linux",
        "synopsis": "Microsoft Teams for Linux",
        "description": "Unofficial Microsoft Teams client for Linux using Electron. It uses the Web App and wraps it as a standalone application using Electron.",
        "desktop": {
          "Name": "Microsoft Teams for Linux",
          "Comment": "Unofficial client for Microsoft Teams for Linux",
          "StartupWMClass": "teams-for-linux"
        },
        "target": [
          "rpm",
          "deb",
          "tar.gz",
          "snap",
          "AppImage",
          "pacman"
        ],
        "publish": {
          "provider": "github",
          "releaseType": "draft"
        }
      },
      "snap": {
        "summary": "Teams for Linux",
        "confinement": "strict",
        "grade": "stable",
        "environment": {
          "DISABLE_WAYLAND": 1
        },
        "plugs": [
          "default",
          "camera",
          "screen-inhibit-control",
          "wayland",
          "upower-observe"
        ]
      }
    }
  }

yarn manifest: 
  No manifest

Lockfile: 
  No lockfile
